proguard/seeds.txt
com.w3i.replica.replicaisland.AnimationComponent$PlayerAnimations: com.w3i.replica.replicaisland.AnimationComponent$PlayerAnimations[] values()
com.w3i.replica.replicaisland.AnimationComponent$PlayerAnimations: com.w3i.replica.replicaisland.AnimationComponent$PlayerAnimations valueOf(java.lang.String)
com.w3i.replica.replicaisland.EnemyAnimationComponent$AnimationState: com.w3i.replica.replicaisland.EnemyAnimationComponent$AnimationState[] values()
com.w3i.replica.replicaisland.EnemyAnimationComponent$AnimationState: com.w3i.replica.replicaisland.EnemyAnimationComponent$AnimationState valueOf(java.lang.String)
com.w3i.replica.replicaisland.EnemyAnimationComponent$EnemyAnimations: com.w3i.replica.replicaisland.EnemyAnimationComponent$EnemyAnimations[] values()
com.w3i.replica.replicaisland.EnemyAnimationComponent$EnemyAnimations: com.w3i.replica.replicaisland.EnemyAnimationComponent$EnemyAnimations valueOf(java.lang.String)
com.w3i.replica.replicaisland.GLSurfaceView
com.w3i.replica.replicaisland.GLSurfaceView: GLSurfaceView(android.content.Context,android.util.AttributeSet)
com.w3i.replica.replicaisland.GameComponent$ComponentPhases: com.w3i.replica.replicaisland.GameComponent$ComponentPhases[] values()
com.w3i.replica.replicaisland.GameComponent$ComponentPhases: com.w3i.replica.replicaisland.GameComponent$ComponentPhases valueOf(java.lang.String)
com.w3i.replica.replicaisland.GameObject$ActionType: com.w3i.replica.replicaisland.GameObject$ActionType[] values()
com.w3i.replica.replicaisland.GameObject$ActionType: com.w3i.replica.replicaisland.GameObject$ActionType valueOf(java.lang.String)
com.w3i.replica.replicaisland.GameObject$Team: com.w3i.replica.replicaisland.GameObject$Team[] values()
com.w3i.replica.replicaisland.GameObject$Team: com.w3i.replica.replicaisland.GameObject$Team valueOf(java.lang.String)
com.w3i.replica.replicaisland.GameObjectFactory$GameObjectType: com.w3i.replica.replicaisland.GameObjectFactory$GameObjectType[] values()
com.w3i.replica.replicaisland.GameObjectFactory$GameObjectType: com.w3i.replica.replicaisland.GameObjectFactory$GameObjectType valueOf(java.lang.String)
com.w3i.replica.replicaisland.KeyboardConfigDialogPreference
com.w3i.replica.replicaisland.KeyboardConfigDialogPreference: KeyboardConfigDialogPreference(android.content.Context,android.util.AttributeSet)
com.w3i.replica.replicaisland.KeyboardConfigDialogPreference: KeyboardConfigDialogPreference(android.content.Context,android.util.AttributeSet,int)
com.w3i.replica.replicaisland.PlayerComponent$State: com.w3i.replica.replicaisland.PlayerComponent$State[] values()
com.w3i.replica.replicaisland.PlayerComponent$State: com.w3i.replica.replicaisland.PlayerComponent$State valueOf(java.lang.String)
com.w3i.replica.replicaisland.SliderPreference
com.w3i.replica.replicaisland.SliderPreference: SliderPreference(android.content.Context,android.util.AttributeSet)
com.w3i.replica.replicaisland.SliderPreference: SliderPreference(android.content.Context,android.util.AttributeSet,int)
com.w3i.replica.replicaisland.YesNoDialogPreference
com.w3i.replica.replicaisland.YesNoDialogPreference: YesNoDialogPreference(android.content.Context,android.util.AttributeSet)
com.w3i.replica.replicaisland.YesNoDialogPreference: YesNoDialogPreference(android.content.Context,android.util.AttributeSet,int)
com.w3i.replica.replicaisland.activities.AndouKun
com.w3i.replica.replicaisland.activities.AnimationPlayerActivity
com.w3i.replica.replicaisland.activities.ConversationDialogActivity
com.w3i.replica.replicaisland.activities.ConversationDialogActivity$TypewriterTextView
com.w3i.replica.replicaisland.activities.ConversationDialogActivity$TypewriterTextView: ConversationDialogActivity$TypewriterTextView(android.content.Context,android.util.AttributeSet)
com.w3i.replica.replicaisland.activities.ConversationDialogActivity$TypewriterTextView: ConversationDialogActivity$TypewriterTextView(android.content.Context,android.util.AttributeSet,int)
...
com.egoclean.android.widget.flinger.ViewFlinger
com.egoclean.android.widget.flinger.ViewFlinger: ViewFlinger(android.content.Context,android.util.AttributeSet)
com.egoclean.android.widget.flinger.ViewFlinger$SavedState
com.egoclean.android.widget.flinger.ViewFlinger$SavedState: android.os.Parcelable$Creator CREATOR
com.google.gson.FieldNamingPolicy: com.google.gson.FieldNamingPolicy[] values()
com.google.gson.FieldNamingPolicy: com.google.gson.FieldNamingPolicy valueOf(java.lang.String)
com.google.gson.LongSerializationPolicy: com.google.gson.LongSerializationPolicy[] values()
com.google.gson.LongSerializationPolicy: com.google.gson.LongSerializationPolicy valueOf(java.lang.String)
com.google.gson.ModifyFirstLetterNamingPolicy$LetterModifier: com.google.gson.ModifyFirstLetterNamingPolicy$LetterModifier[] values()
com.google.gson.ModifyFirstLetterNamingPolicy$LetterModifier: com.google.gson.ModifyFirstLetterNamingPolicy$LetterModifier valueOf(java.lang.String)
com.google.gson.stream.JsonScope: com.google.gson.stream.JsonScope[] values()
com.google.gson.stream.JsonScope: com.google.gson.stream.JsonScope valueOf(java.lang.String)
com.google.gson.stream.JsonToken: com.google.gson.stream.JsonToken[] values()
com.google.gson.stream.JsonToken: com.google.gson.stream.JsonToken valueOf(java.lang.String)
com.test.AdvertiserTestActivity
com.test.HistoryTableActivity
com.test.LinearProgressBarActivity
com.test.TestActivity
com.test.TestRewardsTextViews
com.test.VideoURLsTest
com.test.VideoViewActivity
com.test.WebViewActivity
com.w3i.advertiser.ReferralReceiver
com.w3i.advertiser.W3iConnect$OperationType: com.w3i.advertiser.W3iConnect$OperationType[] values()
com.w3i.advertiser.W3iConnect$OperationType: com.w3i.advertiser.W3iConnect$OperationType valueOf(java.lang.String)
com.w3i.common.BaseAsyncTask$STATUS: com.w3i.common.BaseAsyncTask$STATUS[] values()
com.w3i.common.BaseAsyncTask$STATUS: com.w3i.common.BaseAsyncTask$STATUS valueOf(java.lang.String)
com.w3i.common.Request$HTTP_ACTION: com.w3i.common.Request$HTTP_ACTION[] values()
com.w3i.common.Request$HTTP_ACTION: com.w3i.common.Request$HTTP_ACTION valueOf(java.lang.String)
com.w3i.common.Response$TYPE: com.w3i.common.Response$TYPE[] values()
com.w3i.common.Response$TYPE: com.w3i.common.Response$TYPE valueOf(java.lang.String)
com.w3i.offerwall.custom.views.FadingViewSwitcher
com.w3i.offerwall.custom.views.FadingViewSwitcher: FadingViewSwitcher(android.content.Context,android.util.AttributeSet)
com.w3i.offerwall.custom.views.ScrollingTextView
com.w3i.offerwall.custom.views.ScrollingTextView: ScrollingTextView(android.content.Context,android.util.AttributeSet,int)
com.w3i.offerwall.custom.views.ScrollingTextView: ScrollingTextView(android.content.Context,android.util.AttributeSet)
com.w3i.offerwall.dialogs.custom.FeaturedDialogBody
com.w3i.offerwall.dialogs.custom.FeaturedDialogBody: FeaturedDialogBody(android.content.Context,android.util.AttributeSet)
com.w3i.offerwall.dialogs.custom.FeaturedDialogTitle
com.w3i.offerwall.dialogs.custom.FeaturedDialogTitle: FeaturedDialogTitle(android.content.Context,android.util.AttributeSet,int)
com.w3i.offerwall.dialogs.custom.FeaturedDialogTitle: FeaturedDialogTitle(android.content.Context,android.util.AttributeSet)
com.w3i.offerwall.dialogs.custom.ViewFlingerScroller$ITEM_ICON_TYPE: com.w3i.offerwall.dialogs.custom.ViewFlingerScroller$ITEM_ICON_TYPE[] values()
com.w3i.offerwall.dialogs.custom.ViewFlingerScroller$ITEM_ICON_TYPE: com.w3i.offerwall.dialogs.custom.ViewFlingerScroller$ITEM_ICON_TYPE valueOf(java.lang.String)
com.w3i.offerwall.enums.SortOrder: com.w3i.offerwall.enums.SortOrder[] values()
com.w3i.offerwall.enums.SortOrder: com.w3i.offerwall.enums.SortOrder valueOf(java.lang.String)
com.w3i.offerwall.ui.ComplexVideoOfferActivity