proguard/mapping.txt
com.w3i.replica.replicaisland.AABoxCollisionVolume -> com.w3i.replica.replicaisland.a:
    com.w3i.replica.replicaisland.Vector2 mWidthHeight -> c
    com.w3i.replica.replicaisland.Vector2 mBottomLeft -> d
    float getMaxX() -> a
    float getMinX() -> b
    float getMaxY() -> c
    float getMinY() -> d
    boolean intersects(com.w3i.replica.replicaisland.Vector2,com.w3i.replica.replicaisland.CollisionVolume$FlipInfo,com.w3i.replica.replicaisland.CollisionVolume,com.w3i.replica.replicaisland.Vector2,com.w3i.replica.replicaisland.CollisionVolume$FlipInfo) -> a
    boolean boxIntersect(float,float,float,float,float,float,float,float) -> a
com.w3i.replica.replicaisland.AdultsDifficultyConstants -> com.w3i.replica.replicaisland.b:
    float getFuelAirRefillSpeed() -> a
    float getFuelGroundRefillSpeed() -> b
    int getMaxPlayerLife() -> c
    int getCoinsPerPowerup() -> d
    float getGlowDuration() -> e
    int getDDAStage1Attempts() -> f
    int getDDAStage2Attempts() -> g
    int getDDAStage2LifeBoost() -> h
    float getDDAStage1FuelAirRefillSpeed() -> i
    float getDDAStage2FuelAirRefillSpeed() -> j
com.w3i.replica.replicaisland.AllocationGuard -> com.w3i.replica.replicaisland.c:
    boolean sGuardActive -> a
com.w3i.replica.replicaisland.AnimationComponent -> com.w3i.replica.replicaisland.d:
    com.w3i.replica.replicaisland.SpriteComponent mSprite -> d
    com.w3i.replica.replicaisland.SpriteComponent mJetSprite -> e
    com.w3i.replica.replicaisland.SpriteComponent mSparksSprite -> f
    com.w3i.replica.replicaisland.PlayerComponent mPlayer -> g
    float mLastFlickerTime -> h
    boolean mFlickerOn -> i
    float mFlickerTimeRemaining -> k
    com.w3i.replica.replicaisland.GameObject$ActionType mPreviousAction -> l
    float mLastRocketsOnTime -> m
    boolean mExplodingDeath -> n
    com.w3i.replica.replicaisland.ChangeComponentsComponent mDamageSwap -> o
    com.w3i.replica.replicaisland.SoundSystem$Sound mLandThump -> p
    com.w3i.replica.replicaisland.SoundSystem$Sound mRocketSound -> q
    com.w3i.replica.replicaisland.SoundSystem$Sound mExplosionSound -> r
    float mLandThumpDelay -> s
    int mRocketSoundStream -> t
    boolean mRocketSoundPaused -> u
    int mLastRubyCount -> v
    com.w3i.replica.replicaisland.SoundSystem$Sound mRubySound1 -> w
    com.w3i.replica.replicaisland.SoundSystem$Sound mRubySound2 -> x
    com.w3i.replica.replicaisland.SoundSystem$Sound mRubySound3 -> y
    com.w3i.replica.replicaisland.InventoryComponent mInventory -> z
    void reset() -> a
    void update(float,com.w3i.replica.replicaisland.BaseObject) -> a
    void setSprite(com.w3i.replica.replicaisland.SpriteComponent) -> a
com.w3i.replica.replicaisland.AnimationComponent$PlayerAnimations -> com.w3i.replica.replicaisland.e:
    com.w3i.replica.replicaisland.AnimationComponent$PlayerAnimations IDLE -> a
    com.w3i.replica.replicaisland.AnimationComponent$PlayerAnimations MOVE -> b
    com.w3i.replica.replicaisland.AnimationComponent$PlayerAnimations MOVE_FAST -> c
    com.w3i.replica.replicaisland.AnimationComponent$PlayerAnimations BOOST_UP -> d
    com.w3i.replica.replicaisland.AnimationComponent$PlayerAnimations BOOST_MOVE -> e
    com.w3i.replica.replicaisland.AnimationComponent$PlayerAnimations BOOST_MOVE_FAST -> f
    com.w3i.replica.replicaisland.AnimationComponent$PlayerAnimations STOMP -> g
    com.w3i.replica.replicaisland.AnimationComponent$PlayerAnimations HIT_REACT -> h
    com.w3i.replica.replicaisland.AnimationComponent$PlayerAnimations DEATH -> i
    com.w3i.replica.replicaisland.AnimationComponent$PlayerAnimations FROZEN -> j
    com.w3i.replica.replicaisland.AnimationComponent$PlayerAnimations[] ENUM$VALUES -> k
    com.w3i.replica.replicaisland.AnimationComponent$PlayerAnimations[] values() -> values
    com.w3i.replica.replicaisland.AnimationComponent$PlayerAnimations valueOf(java.lang.String) -> valueOf
...
com.w3i.offerwall.custom.views.ScrollingTextView -> com.w3i.offerwall.custom.views.ScrollingTextView:
    void setupView() -> a
    void onFocusChanged(boolean,int,android.graphics.Rect) -> onFocusChanged
    void onWindowFocusChanged(boolean) -> onWindowFocusChanged
    boolean isFocused() -> isFocused
com.w3i.offerwall.dialogs.CustomAlertDialog -> com.w3i.offerwall.dialogs.a:
com.w3i.offerwall.dialogs.custom.BaseDialog -> com.w3i.offerwall.dialogs.custom.a:
    int dialogMaxWidth -> a
    int dialogMinWidth -> b
    int dialogMinHeight -> c
    int dialogMaxHeight -> d
    float dialogMaxScreenPercentage -> e
    com.w3i.offerwall.dialogs.custom.BaseDialog$DialogContent dialogContent -> f
    void addView(android.view.View) -> a
    void addView(android.view.View,android.view.ViewGroup$LayoutParams) -> a
    void onOrientationChange() -> a
    void setDialogBackground(android.graphics.drawable.Drawable) -> a
    void dismiss() -> dismiss
    float access$0(com.w3i.offerwall.dialogs.custom.BaseDialog) -> a
    void access$1(com.w3i.offerwall.dialogs.custom.BaseDialog,int,int) -> a
    int access$2(com.w3i.offerwall.dialogs.custom.BaseDialog) -> b
    int access$3(com.w3i.offerwall.dialogs.custom.BaseDialog) -> c
    int access$4(com.w3i.offerwall.dialogs.custom.BaseDialog) -> d
    int access$5(com.w3i.offerwall.dialogs.custom.BaseDialog) -> e
com.w3i.offerwall.dialogs.custom.BaseDialog$DialogContent -> com.w3i.offerwall.dialogs.custom.b:
    com.w3i.offerwall.dialogs.custom.BaseDialog this$0 -> a
    void onMeasure(int,int) -> onMeasure
    void release() -> a
com.w3i.offerwall.dialogs.custom.CTADialog -> com.w3i.offerwall.dialogs.custom.c:
    com.w3i.offerwall.dialogs.custom.CTADialogTitle title -> a
    com.w3i.offerwall.dialogs.custom.CTADialogBody body -> b
    com.w3i.offerwall.dialogs.custom.CTADialog$OnOfferClickedListener onOfferClicked -> c
    android.graphics.drawable.Drawable dialogBackground -> d
    android.view.View$OnClickListener onOfferLayoutClicked -> e
    void addOffers(java.util.ArrayList) -> a
    void addOffer(com.w3i.offerwall.business.CTAOffer) -> a
    void setOnOfferClickedListener(com.w3i.offerwall.dialogs.custom.CTADialog$OnOfferClickedListener) -> a
    void startProgress() -> b
    void stopProgress() -> c
    void setRedeemedBalance(java.lang.String,java.lang.String) -> a
    void setOnCloseListener(android.view.View$OnClickListener) -> a
    void removeOffer(com.w3i.offerwall.business.CTAOffer) -> b
    com.w3i.offerwall.dialogs.custom.CTADialog$OnOfferClickedListener access$0(com.w3i.offerwall.dialogs.custom.CTADialog) -> a
com.w3i.offerwall.dialogs.custom.CTADialog$1 -> com.w3i.offerwall.dialogs.custom.d:
    com.w3i.offerwall.dialogs.custom.CTADialog this$0 -> a
    void onClick(android.view.View) -> onClick
com.w3i.offerwall.dialogs.custom.CTADialog$2 -> com.w3i.offerwall.dialogs.custom.e:
    com.w3i.offerwall.dialogs.custom.CTADialog this$0 -> a
    void onClick(android.view.View) -> onClick
com.w3i.offerwall.dialogs.custom.CTADialog$OnOfferClickedListener -> com.w3i.offerwall.dialogs.custom.f:
    void onClick(com.w3i.offerwall.business.CTAOffer) -> a