proguard/usage.txt
com.w3i.replica.replicaisland.AABoxCollisionVolume:
    110:125:public void growBy(com.w3i.replica.replicaisland.CollisionVolume)
com.w3i.replica.replicaisland.AdultsDifficultyConstants:
    private static final float FUEL_AIR_REFILL_SPEED
    private static final float FUEL_GROUND_REFILL_SPEED
    public static final int MAX_PLAYER_LIFE
    private static final int COINS_PER_POWERUP
    public static final float GLOW_DURATION
    private static final int DDA_STAGE_1_ATTEMPTS
    private static final int DDA_STAGE_2_ATTEMPTS
    private static final int DDA_STAGE_1_LIFE_BOOST
    private static final int DDA_STAGE_2_LIFE_BOOST
    private static final float DDA_STAGE_1_FUEL_AIR_REFILL_SPEED
    private static final float DDA_STAGE_2_FUEL_AIR_REFILL_SPEED
com.w3i.replica.replicaisland.AnimationComponent:
    private static final float MIN_ROCKET_TIME
    private static final float FLICKER_INTERVAL
    private static final float FLICKER_DURATION
    private static final float LAND_THUMP_DELAY
com.w3i.replica.replicaisland.AttackAtDistanceComponent:
    private static final int DEFAULT_ATTACK_DISTANCE
com.w3i.replica.replicaisland.BabyDifficultyConstants:
    private static final float FUEL_AIR_REFILL_SPEED
    private static final float FUEL_GROUND_REFILL_SPEED
    public static final int MAX_PLAYER_LIFE
    private static final int COINS_PER_POWERUP
    public static final float GLOW_DURATION
    private static final int DDA_STAGE_1_ATTEMPTS
    private static final int DDA_STAGE_2_ATTEMPTS
    private static final int DDA_STAGE_1_LIFE_BOOST
    private static final int DDA_STAGE_2_LIFE_BOOST
    private static final float DDA_STAGE_1_FUEL_AIR_REFILL_SPEED
    private static final float DDA_STAGE_2_FUEL_AIR_REFILL_SPEED
com.w3i.replica.replicaisland.BackgroundCollisionComponent:
    57:78:public BackgroundCollisionComponent(int,int,int,int)
com.w3i.replica.replicaisland.BackgroundCollisionComponent$HitPointDistanceComparator
com.w3i.replica.replicaisland.BufferLibrary:
    private static final int GRID_LIST_SIZE
com.w3i.replica.replicaisland.BuildConfig
com.w3i.replica.replicaisland.ButtonAnimationComponent$Animation
com.w3i.replica.replicaisland.ButtonConstants
com.w3i.replica.replicaisland.CameraSystem:
    private static final float X_FOLLOW_DISTANCE
    private static final float Y_UP_FOLLOW_DISTANCE
    private static final float Y_DOWN_FOLLOW_DISTANCE
    private static final float MAX_INTERPOLATE_TO_TARGET_DISTANCE
    private static final float INTERPOLATE_TO_TARGET_TIME
com.w3i.replica.replicaisland.ChangeComponentsComponent:
    private static final int MAX_COMPONENT_SWAPS
com.w3i.replica.replicaisland.ChannelSystem:
    private static final int CHANNEL_COUNT
com.w3i.replica.replicaisland.CollisionParameters
com.w3i.replica.replicaisland.CollisionParameters$HitType
com.w3i.replica.replicaisland.CollisionSystem:
    private static final int MAX_TEMPORARY_SEGMENTS
    155:231:public boolean testBox(float,float,float,float,com.w3i.replica.replicaisland.Vector2,com.w3i.replica.replicaisland.FixedSizeArray,com.w3i.replica.replicaisland.GameObject,boolean)
    479:518:protected static boolean testBoxAgainstList(com.w3i.replica.replicaisland.FixedSizeArray,float,float,float,float,com.w3i.replica.replicaisland.Vector2,com.w3i.replica.replicaisland.GameObject,com.w3i.replica.replicaisland.Vector2,com.w3i.replica.replicaisland.FixedSizeArray)
com.w3i.replica.replicaisland.CollisionSystem$LineSegment:
    732:800:public boolean calculateIntersectionBox(float,float,float,float,com.w3i.replica.replicaisland.Vector2)
com.w3i.replica.replicaisland.CollisionSystem$LineSegmentPool:
    809:811:public CollisionSystem$LineSegmentPool(com.w3i.replica.replicaisland.CollisionSystem)
com.w3i.replica.replicaisland.ConversationUtils:
    private static final int MAX_CHARACTERS_PER_PAGE
    27:27:public ConversationUtils()
...
com.google.gson.DefaultTypeAdapters$GregorianCalendarTypeAdapter:
    private static final java.lang.String YEAR
    private static final java.lang.String MONTH
    private static final java.lang.String DAY_OF_MONTH
    private static final java.lang.String HOUR_OF_DAY
    private static final java.lang.String MINUTE
    private static final java.lang.String SECOND
com.google.gson.DelegatingJsonElementVisitor
com.google.gson.ExposeAnnotationDeserializationExclusionStrategy
com.google.gson.ExposeAnnotationSerializationExclusionStrategy
com.google.gson.FieldAttributes:
    private static final java.lang.String MAX_CACHE_PROPERTY_NAME
    89:89:public java.lang.Class getDeclaringClass()
    221:221:java.lang.reflect.Field getFieldObject()
com.google.gson.FieldNamingPolicy
com.google.gson.FieldNamingStrategy
com.google.gson.FieldNamingStrategy2Adapter
com.google.gson.Gson:
    static final boolean DEFAULT_JSON_NON_EXECUTABLE
    private static final java.lang.String JSON_NON_EXECUTABLE_PREFIX
    194:197:public com.google.gson.JsonElement toJsonTree(java.lang.Object)
    279:284:public void toJson(java.lang.Object,java.lang.Appendable)
    303:305:public void toJson(java.lang.Object,java.lang.reflect.Type,java.lang.Appendable)
    313:314:public void toJson(java.lang.Object,java.lang.reflect.Type,com.google.gson.stream.JsonWriter)
    440:443:public java.lang.Object fromJson(java.io.Reader,java.lang.Class)
    521:522:public java.lang.Object fromJson(com.google.gson.JsonElement,java.lang.Class)
com.google.gson.GsonBuilder
com.google.gson.InnerClassExclusionStrategy
com.google.gson.JsonArray:
    63:64:public void addAll(com.google.gson.JsonArray)
    70:71:void reverse()
com.google.gson.JsonElement:
    129:132:public com.google.gson.JsonNull getAsJsonNull()
com.google.gson.JsonElementVisitor
com.google.gson.JsonIOException:
    private static final long serialVersionUID
    34:35:public JsonIOException(java.lang.String,java.lang.Throwable)
com.google.gson.JsonObject:
    71:71:public com.google.gson.JsonElement remove(java.lang.String)
    82:83:public void addProperty(java.lang.String,java.lang.String)
    104:105:public void addProperty(java.lang.String,java.lang.Boolean)
    115:116:public void addProperty(java.lang.String,java.lang.Character)
    145:145:public boolean has(java.lang.String)
    169:169:public com.google.gson.JsonPrimitive getAsJsonPrimitive(java.lang.String)
    179:179:public com.google.gson.JsonArray getAsJsonArray(java.lang.String)
    189:189:public com.google.gson.JsonObject getAsJsonObject(java.lang.String)
com.google.gson.JsonParseException:
    static final long serialVersionUID
com.google.gson.JsonParser
com.google.gson.JsonSerializationContext:
    public abstract com.google.gson.JsonElement serialize(java.lang.Object)
com.google.gson.JsonSerializationContextDefault:
    46:49:public com.google.gson.JsonElement serialize(java.lang.Object)
com.google.gson.JsonStreamParser
com.google.gson.JsonSyntaxException:
    private static final long serialVersionUID
    30:31:public JsonSyntaxException(java.lang.String)
com.google.gson.JsonTreeNavigator
com.google.gson.LowerCamelCaseSeparatorNamingPolicy
com.google.gson.LowerCaseNamingPolicy
com.google.gson.LruCache:
    private static final long serialVersionUID
    50:50:public synchronized java.lang.Object removeElement(java.lang.Object)
com.google.gson.MapAsArrayTypeAdapter
com.google.gson.MemoryRefStack:
    55:55:public boolean isEmpty()
    65:65:public com.google.gson.ObjectTypePair peek()
com.google.gson.ModifyFirstLetterNamingPolicy
com.google.gson.ModifyFirstLetterNamingPolicy$LetterModifier
com.google.gson.ObjectTypePair:
    142:142:public boolean isPreserveType()
com.google.gson.Primitives:
    34:34:private Primitives()
    82:82:public static boolean isWrapperType(java.lang.Class)
com.google.gson.Streams:
    30:153:Streams()
com.google.gson.UpperCamelCaseSeparatorNamingPolicy
com.google.gson.UpperCaseNamingPolicy